This file contains any messages produced by compilers while
running configure, to aid debugging if configure makes a mistake.

It was created by xf86-input-synaptics configure 1.7.4, which was
generated by GNU Autoconf 2.69.  Invocation command line was

  $ ./configure 

## --------- ##
## Platform. ##
## --------- ##

hostname = nitroglycerine-XPS-M1330
uname -m = x86_64
uname -r = 3.13.0-48-generic
uname -s = Linux
uname -v = #80-Ubuntu SMP Thu Mar 12 11:16:15 UTC 2015

/usr/bin/uname -p = unknown
/bin/uname -X     = unknown

/bin/arch              = unknown
/usr/bin/arch -k       = unknown
/usr/convex/getsysinfo = unknown
/usr/bin/hostinfo      = unknown
/bin/machine           = unknown
/usr/bin/oslevel       = unknown
/bin/universe          = unknown

PATH: /home/nitroglycerine/bin
PATH: /usr/local/sbin
PATH: /usr/local/bin
PATH: /usr/sbin
PATH: /usr/bin
PATH: /sbin
PATH: /bin
PATH: /usr/games
PATH: /usr/local/games
PATH: /home/nitroglycerine/.local/bin


## ----------- ##
## Core tests. ##
## ----------- ##

configure:2315: checking for a BSD-compatible install
configure:2383: result: /usr/bin/install -c
configure:2394: checking whether build environment is sane
configure:2449: result: yes
configure:2600: checking for a thread-safe mkdir -p
configure:2639: result: /bin/mkdir -p
configure:2646: checking for gawk
configure:2662: found /usr/bin/gawk
configure:2673: result: gawk
configure:2684: checking whether make sets $(MAKE)
configure:2706: result: yes
configure:2735: checking whether make supports nested variables
configure:2752: result: yes
configure:2837: checking whether to enable maintainer-specific portions of Makefiles
configure:2846: result: no
configure:2921: checking build system type
configure:2935: result: x86_64-unknown-linux-gnu
configure:2955: checking host system type
configure:2968: result: x86_64-unknown-linux-gnu
configure:3009: checking how to print strings
configure:3036: result: printf
configure:3069: checking for style of include used by make
configure:3097: result: GNU
configure:3168: checking for gcc
configure:3184: found /usr/bin/gcc
configure:3195: result: gcc
configure:3424: checking for C compiler version
configure:3433: gcc --version >&5
gcc (Ubuntu 4.8.2-19ubuntu1) 4.8.2
Copyright (C) 2013 Free Software Foundation, Inc.
This is free software; see the source for copying conditions.  There is NO
warranty; not even for MERCHANTABILITY or FITNESS FOR A PARTICULAR PURPOSE.

configure:3444: $? = 0
configure:3433: gcc -v >&5
Using built-in specs.
COLLECT_GCC=gcc
COLLECT_LTO_WRAPPER=/usr/lib/gcc/x86_64-linux-gnu/4.8/lto-wrapper
Target: x86_64-linux-gnu
Configured with: ../src/configure -v --with-pkgversion='Ubuntu 4.8.2-19ubuntu1' --with-bugurl=file:///usr/share/doc/gcc-4.8/README.Bugs --enable-languages=c,c++,java,go,d,fortran,objc,obj-c++ --prefix=/usr --program-suffix=-4.8 --enable-shared --enable-linker-build-id --libexecdir=/usr/lib --without-included-gettext --enable-threads=posix --with-gxx-include-dir=/usr/include/c++/4.8 --libdir=/usr/lib --enable-nls --with-sysroot=/ --enable-clocale=gnu --enable-libstdcxx-debug --enable-libstdcxx-time=yes --enable-gnu-unique-object --disable-libmudflap --enable-plugin --with-system-zlib --disable-browser-plugin --enable-java-awt=gtk --enable-gtk-cairo --with-java-home=/usr/lib/jvm/java-1.5.0-gcj-4.8-amd64/jre --enable-java-home --with-jvm-root-dir=/usr/lib/jvm/java-1.5.0-gcj-4.8-amd64 --with-jvm-jar-dir=/usr/lib/jvm-exports/java-1.5.0-gcj-4.8-amd64 --with-arch-directory=amd64 --with-ecj-jar=/usr/share/java/eclipse-ecj.jar --enable-objc-gc --enable-multiarch --disable-werror --with-arch-32=i686 --with-abi=m64 --with-multilib-list=m32,m64,mx32 --with-tune=generic --enable-checking=release --build=x86_64-linux-gnu --host=x86_64-linux-gnu --target=x86_64-linux-gnu
Thread model: posix
gcc version 4.8.2 (Ubuntu 4.8.2-19ubuntu1) 
configure:3444: $? = 0
configure:3433: gcc -V >&5
gcc: error: unrecognized command line option '-V'
gcc: fatal error: no input files
compilation terminated.
configure:3444: $? = 4
configure:3433: gcc -qversion >&5
gcc: error: unrecognized command line option '-qversion'
gcc: fatal error: no input files
compilation terminated.
configure:3444: $? = 4
configure:3464: checking whether the C compiler works
configure:3486: gcc    conftest.c  >&5
configure:3490: $? = 0
configure:3538: result: yes
configure:3541: checking for C compiler default output file name
configure:3543: result: a.out
configure:3549: checking for suffix of executables
configure:3556: gcc -o conftest    conftest.c  >&5
configure:3560: $? = 0
configure:3582: result: 
configure:3604: checking whether we are cross compiling
configure:3612: gcc -o conftest    conftest.c  >&5
configure:3616: $? = 0
configure:3623: ./conftest
configure:3627: $? = 0
configure:3642: result: no
configure:3647: checking for suffix of object files
configure:3669: gcc -c   conftest.c >&5
configure:3673: $? = 0
configure:3694: result: o
configure:3698: checking whether we are using the GNU C compiler
configure:3717: gcc -c   conftest.c >&5
configure:3717: $? = 0
configure:3726: result: yes
configure:3735: checking whether gcc accepts -g
configure:3755: gcc -c -g  conftest.c >&5
configure:3755: $? = 0
configure:3796: result: yes
configure:3813: checking for gcc option to accept ISO C89
configure:3876: gcc  -c -g -O2  conftest.c >&5
configure:3876: $? = 0
configure:3889: result: none needed
configure:3911: checking dependency style of gcc
configure:4022: result: gcc3
configure:4037: checking for a sed that does not truncate output
configure:4101: result: /bin/sed
configure:4119: checking for grep that handles long lines and -e
configure:4177: result: /bin/grep
configure:4182: checking for egrep
configure:4244: result: /bin/grep -E
configure:4249: checking for fgrep
configure:4311: result: /bin/grep -F
configure:4346: checking for ld used by gcc
configure:4413: result: /usr/bin/ld
configure:4420: checking if the linker (/usr/bin/ld) is GNU ld
configure:4435: result: yes
configure:4447: checking for BSD- or MS-compatible name lister (nm)
configure:4496: result: /usr/bin/nm -B
configure:4626: checking the name lister (/usr/bin/nm -B) interface
configure:4633: gcc -c -g -O2  conftest.c >&5
configure:4636: /usr/bin/nm -B "conftest.o"
configure:4639: output
0000000000000000 B some_variable
configure:4646: result: BSD nm
configure:4649: checking whether ln -s works
configure:4653: result: yes
configure:4661: checking the maximum length of command line arguments
configure:4791: result: 1572864
configure:4808: checking whether the shell understands some XSI constructs
configure:4818: result: yes
configure:4822: checking whether the shell understands "+="
configure:4828: result: yes
configure:4863: checking how to convert x86_64-unknown-linux-gnu file names to x86_64-unknown-linux-gnu format
configure:4903: result: func_convert_file_noop
configure:4910: checking how to convert x86_64-unknown-linux-gnu file names to toolchain format
configure:4930: result: func_convert_file_noop
configure:4937: checking for /usr/bin/ld option to reload object files
configure:4944: result: -r
configure:5018: checking for objdump
configure:5034: found /usr/bin/objdump
configure:5045: result: objdump
configure:5077: checking how to recognize dependent libraries
configure:5279: result: pass_all
configure:5364: checking for dlltool
configure:5394: result: no
configure:5424: checking how to associate runtime and link libraries
configure:5451: result: printf %s\n
configure:5512: checking for ar
configure:5528: found /usr/bin/ar
configure:5539: result: ar
configure:5576: checking for archiver @FILE support
configure:5593: gcc -c -g -O2  conftest.c >&5
configure:5593: $? = 0
configure:5596: ar cru libconftest.a @conftest.lst >&5
configure:5599: $? = 0
configure:5604: ar cru libconftest.a @conftest.lst >&5
ar: conftest.o: No such file or directory
configure:5607: $? = 1
configure:5619: result: @
configure:5677: checking for strip
configure:5693: found /usr/bin/strip
configure:5704: result: strip
configure:5776: checking for ranlib
configure:5792: found /usr/bin/ranlib
configure:5803: result: ranlib
configure:5905: checking command to parse /usr/bin/nm -B output from gcc object
configure:6025: gcc -c -g -O2  conftest.c >&5
configure:6028: $? = 0
configure:6032: /usr/bin/nm -B conftest.o \| sed -n -e 's/^.*[ ]\([ABCDGIRSTW][ABCDGIRSTW]*\)[ ][ ]*\([_A-Za-z][_A-Za-z0-9]*\)$/\1 \2 \2/p' | sed '/ __gnu_lto/d' \> conftest.nm
configure:6035: $? = 0
configure:6101: gcc -o conftest -g -O2   conftest.c conftstm.o >&5
configure:6104: $? = 0
configure:6142: result: ok
configure:6179: checking for sysroot
configure:6209: result: no
configure:6286: gcc -c -g -O2  conftest.c >&5
configure:6289: $? = 0
configure:6465: checking for mt
configure:6481: found /bin/mt
configure:6492: result: mt
configure:6515: checking if mt is a manifest tool
configure:6521: mt '-?'
configure:6529: result: no
configure:7171: checking how to run the C preprocessor
configure:7202: gcc -E  conftest.c
configure:7202: $? = 0
configure:7216: gcc -E  conftest.c
conftest.c:11:28: fatal error: ac_nonexistent.h: No such file or directory
 #include <ac_nonexistent.h>
                            ^
compilation terminated.
configure:7216: $? = 1
configure: failed program was:
| /* confdefs.h */
| #define PACKAGE_NAME "xf86-input-synaptics"
| #define PACKAGE_TARNAME "xf86-input-synaptics"
| #define PACKAGE_VERSION "1.7.4"
| #define PACKAGE_STRING "xf86-input-synaptics 1.7.4"
| #define PACKAGE_BUGREPORT "https://bugs.freedesktop.org/enter_bug.cgi?product=xorg"
| #define PACKAGE_URL ""
| #define PACKAGE "xf86-input-synaptics"
| #define VERSION "1.7.4"
| /* end confdefs.h.  */
| #include <ac_nonexistent.h>
configure:7241: result: gcc -E
configure:7261: gcc -E  conftest.c
configure:7261: $? = 0
configure:7275: gcc -E  conftest.c
conftest.c:11:28: fatal error: ac_nonexistent.h: No such file or directory
 #include <ac_nonexistent.h>
                            ^
compilation terminated.
configure:7275: $? = 1
configure: failed program was:
| /* confdefs.h */
| #define PACKAGE_NAME "xf86-input-synaptics"
| #define PACKAGE_TARNAME "xf86-input-synaptics"
| #define PACKAGE_VERSION "1.7.4"
| #define PACKAGE_STRING "xf86-input-synaptics 1.7.4"
| #define PACKAGE_BUGREPORT "https://bugs.freedesktop.org/enter_bug.cgi?product=xorg"
| #define PACKAGE_URL ""
| #define PACKAGE "xf86-input-synaptics"
| #define VERSION "1.7.4"
| /* end confdefs.h.  */
| #include <ac_nonexistent.h>
configure:7304: checking for ANSI C header files
configure:7324: gcc -c -g -O2  conftest.c >&5
configure:7324: $? = 0
configure:7397: gcc -o conftest -g -O2   conftest.c  >&5
configure:7397: $? = 0
configure:7397: ./conftest
configure:7397: $? = 0
configure:7408: result: yes
configure:7421: checking for sys/types.h
configure:7421: gcc -c -g -O2  conftest.c >&5
configure:7421: $? = 0
configure:7421: result: yes
configure:7421: checking for sys/stat.h
configure:7421: gcc -c -g -O2  conftest.c >&5
configure:7421: $? = 0
configure:7421: result: yes
configure:7421: checking for stdlib.h
configure:7421: gcc -c -g -O2  conftest.c >&5
configure:7421: $? = 0
configure:7421: result: yes
configure:7421: checking for string.h
configure:7421: gcc -c -g -O2  conftest.c >&5
configure:7421: $? = 0
configure:7421: result: yes
configure:7421: checking for memory.h
configure:7421: gcc -c -g -O2  conftest.c >&5
configure:7421: $? = 0
configure:7421: result: yes
configure:7421: checking for strings.h
configure:7421: gcc -c -g -O2  conftest.c >&5
configure:7421: $? = 0
configure:7421: result: yes
configure:7421: checking for inttypes.h
configure:7421: gcc -c -g -O2  conftest.c >&5
configure:7421: $? = 0
configure:7421: result: yes
configure:7421: checking for stdint.h
configure:7421: gcc -c -g -O2  conftest.c >&5
configure:7421: $? = 0
configure:7421: result: yes
configure:7421: checking for unistd.h
configure:7421: gcc -c -g -O2  conftest.c >&5
configure:7421: $? = 0
configure:7421: result: yes
configure:7435: checking for dlfcn.h
configure:7435: gcc -c -g -O2  conftest.c >&5
configure:7435: $? = 0
configure:7435: result: yes
configure:7611: checking for objdir
configure:7626: result: .libs
configure:7893: checking if gcc supports -fno-rtti -fno-exceptions
configure:7911: gcc -c -g -O2  -fno-rtti -fno-exceptions conftest.c >&5
cc1: warning: command line option '-fno-rtti' is valid for C++/ObjC++ but not for C [enabled by default]
configure:7915: $? = 0
configure:7928: result: no
configure:8255: checking for gcc option to produce PIC
configure:8262: result: -fPIC -DPIC
configure:8270: checking if gcc PIC flag -fPIC -DPIC works
configure:8288: gcc -c -g -O2  -fPIC -DPIC -DPIC conftest.c >&5
configure:8292: $? = 0
configure:8305: result: yes
configure:8334: checking if gcc static flag -static works
configure:8362: result: yes
configure:8377: checking if gcc supports -c -o file.o
configure:8398: gcc -c -g -O2  -o out/conftest2.o conftest.c >&5
configure:8402: $? = 0
configure:8424: result: yes
configure:8432: checking if gcc supports -c -o file.o
configure:8479: result: yes
configure:8512: checking whether the gcc linker (/usr/bin/ld -m elf_x86_64) supports shared libraries
configure:9665: result: yes
configure:9702: checking whether -lc should be explicitly linked in
configure:9710: gcc -c -g -O2  conftest.c >&5
configure:9713: $? = 0
configure:9728: gcc -shared  -fPIC -DPIC conftest.o  -v -Wl,-soname -Wl,conftest -o conftest 2\>\&1 \| /bin/grep  -lc  \>/dev/null 2\>\&1
configure:9731: $? = 0
configure:9745: result: no
configure:9905: checking dynamic linker characteristics
configure:10416: gcc -o conftest -g -O2   -Wl,-rpath -Wl,/foo conftest.c  >&5
configure:10416: $? = 0
configure:10642: result: GNU/Linux ld.so
configure:10749: checking how to hardcode library paths into programs
configure:10774: result: immediate
configure:11314: checking whether stripping libraries is possible
configure:11319: result: yes
configure:11354: checking if libtool supports shared libraries
configure:11356: result: yes
configure:11359: checking whether to build shared libraries
configure:11380: result: yes
configure:11383: checking whether to build static libraries
configure:11387: result: no
configure:11437: checking for gcc option to accept ISO C99
configure:11586: gcc  -c -g -O2  conftest.c >&5
conftest.c:73:29: error: expected ';', ',' or ')' before 'text'
 test_restrict (ccp restrict text)
                             ^
conftest.c: In function 'main':
conftest.c:127:18: error: expected '=', ',', ';', 'asm' or '__attribute__' before 'newvar'
   char *restrict newvar = "Another string";
                  ^
conftest.c:127:18: error: 'newvar' undeclared (first use in this function)
conftest.c:127:18: note: each undeclared identifier is reported only once for each function it appears in
conftest.c:137:3: error: 'for' loop initial declarations are only allowed in C99 mode
   for (int i = 0; i < ia->datasize; ++i)
   ^
conftest.c:137:3: note: use option -std=c99 or -std=gnu99 to compile your code
configure:11586: $? = 1
configure: failed program was:
| /* confdefs.h */
| #define PACKAGE_NAME "xf86-input-synaptics"
| #define PACKAGE_TARNAME "xf86-input-synaptics"
| #define PACKAGE_VERSION "1.7.4"
| #define PACKAGE_STRING "xf86-input-synaptics 1.7.4"
| #define PACKAGE_BUGREPORT "https://bugs.freedesktop.org/enter_bug.cgi?product=xorg"
| #define PACKAGE_URL ""
| #define PACKAGE "xf86-input-synaptics"
| #define VERSION "1.7.4"
| #define STDC_HEADERS 1
| #define HAVE_SYS_TYPES_H 1
| #define HAVE_SYS_STAT_H 1
| #define HAVE_STDLIB_H 1
| #define HAVE_STRING_H 1
| #define HAVE_MEMORY_H 1
| #define HAVE_STRINGS_H 1
| #define HAVE_INTTYPES_H 1
| #define HAVE_STDINT_H 1
| #define HAVE_UNISTD_H 1
| #define HAVE_DLFCN_H 1
| #define LT_OBJDIR ".libs/"
| /* end confdefs.h.  */
| #include <stdarg.h>
| #include <stdbool.h>
| #include <stdlib.h>
| #include <wchar.h>
| #include <stdio.h>
| 
| // Check varargs macros.  These examples are taken from C99 6.10.3.5.
| #define debug(...) fprintf (stderr, __VA_ARGS__)
| #define showlist(...) puts (#__VA_ARGS__)
| #define report(test,...) ((test) ? puts (#test) : printf (__VA_ARGS__))
| static void
| test_varargs_macros (void)
| {
|   int x = 1234;
|   int y = 5678;
|   debug ("Flag");
|   debug ("X = %d\n", x);
|   showlist (The first, second, and third items.);
|   report (x>y, "x is %d but y is %d", x, y);
| }
| 
| // Check long long types.
| #define BIG64 18446744073709551615ull
| #define BIG32 4294967295ul
| #define BIG_OK (BIG64 / BIG32 == 4294967297ull && BIG64 % BIG32 == 0)
| #if !BIG_OK
|   your preprocessor is broken;
| #endif
| #if BIG_OK
| #else
|   your preprocessor is broken;
| #endif
| static long long int bignum = -9223372036854775807LL;
| static unsigned long long int ubignum = BIG64;
| 
| struct incomplete_array
| {
|   int datasize;
|   double data[];
| };
| 
| struct named_init {
|   int number;
|   const wchar_t *name;
|   double average;
| };
| 
| typedef const char *ccp;
| 
| static inline int
| test_restrict (ccp restrict text)
| {
|   // See if C++-style comments work.
|   // Iterate through items via the restricted pointer.
|   // Also check for declarations in for loops.
|   for (unsigned int i = 0; *(text+i) != '\0'; ++i)
|     continue;
|   return 0;
| }
| 
| // Check varargs and va_copy.
| static void
| test_varargs (const char *format, ...)
| {
|   va_list args;
|   va_start (args, format);
|   va_list args_copy;
|   va_copy (args_copy, args);
| 
|   const char *str;
|   int number;
|   float fnumber;
| 
|   while (*format)
|     {
|       switch (*format++)
| 	{
| 	case 's': // string
| 	  str = va_arg (args_copy, const char *);
| 	  break;
| 	case 'd': // int
| 	  number = va_arg (args_copy, int);
| 	  break;
| 	case 'f': // float
| 	  fnumber = va_arg (args_copy, double);
| 	  break;
| 	default:
| 	  break;
| 	}
|     }
|   va_end (args_copy);
|   va_end (args);
| }
| 
| int
| main ()
| {
| 
|   // Check bool.
|   _Bool success = false;
| 
|   // Check restrict.
|   if (test_restrict ("String literal") == 0)
|     success = true;
|   char *restrict newvar = "Another string";
| 
|   // Check varargs.
|   test_varargs ("s, d' f .", "string", 65, 34.234);
|   test_varargs_macros ();
| 
|   // Check flexible array members.
|   struct incomplete_array *ia =
|     malloc (sizeof (struct incomplete_array) + (sizeof (double) * 10));
|   ia->datasize = 10;
|   for (int i = 0; i < ia->datasize; ++i)
|     ia->data[i] = i * 1.234;
| 
|   // Check named initializers.
|   struct named_init ni = {
|     .number = 34,
|     .name = L"Test wide string",
|     .average = 543.34343,
|   };
| 
|   ni.number = 58;
| 
|   int dynamic_array[ni.number];
|   dynamic_array[ni.number - 1] = 543;
| 
|   // work around unused variable warnings
|   return (!success || bignum == 0LL || ubignum == 0uLL || newvar[0] == 'x'
| 	  || dynamic_array[ni.number - 1] != 543);
| 
|   ;
|   return 0;
| }
configure:11586: gcc -std=gnu99 -c -g -O2  conftest.c >&5
configure:11586: $? = 0
configure:11606: result: -std=gnu99
configure:11618: checking whether __clang__ is declared
configure:11618: gcc -std=gnu99 -c -g -O2  conftest.c >&5
conftest.c: In function 'main':
conftest.c:63:10: error: '__clang__' undeclared (first use in this function)
   (void) __clang__;
          ^
conftest.c:63:10: note: each undeclared identifier is reported only once for each function it appears in
configure:11618: $? = 1
configure: failed program was:
| /* confdefs.h */
| #define PACKAGE_NAME "xf86-input-synaptics"
| #define PACKAGE_TARNAME "xf86-input-synaptics"
| #define PACKAGE_VERSION "1.7.4"
| #define PACKAGE_STRING "xf86-input-synaptics 1.7.4"
| #define PACKAGE_BUGREPORT "https://bugs.freedesktop.org/enter_bug.cgi?product=xorg"
| #define PACKAGE_URL ""
| #define PACKAGE "xf86-input-synaptics"
| #define VERSION "1.7.4"
| #define STDC_HEADERS 1
| #define HAVE_SYS_TYPES_H 1
| #define HAVE_SYS_STAT_H 1
| #define HAVE_STDLIB_H 1
| #define HAVE_STRING_H 1
| #define HAVE_MEMORY_H 1
| #define HAVE_STRINGS_H 1
| #define HAVE_INTTYPES_H 1
| #define HAVE_STDINT_H 1
| #define HAVE_UNISTD_H 1
| #define HAVE_DLFCN_H 1
| #define LT_OBJDIR ".libs/"
| /* end confdefs.h.  */
| #include <stdio.h>
| #ifdef HAVE_SYS_TYPES_H
| # include <sys/types.h>
| #endif
| #ifdef HAVE_SYS_STAT_H
| # include <sys/stat.h>
| #endif
| #ifdef STDC_HEADERS
| # include <stdlib.h>
| # include <stddef.h>
| #else
| # ifdef HAVE_STDLIB_H
| #  include <stdlib.h>
| # endif
| #endif
| #ifdef HAVE_STRING_H
| # if !defined STDC_HEADERS && defined HAVE_MEMORY_H
| #  include <memory.h>
| # endif
| # include <string.h>
| #endif
| #ifdef HAVE_STRINGS_H
| # include <strings.h>
| #endif
| #ifdef HAVE_INTTYPES_H
| # include <inttypes.h>
| #endif
| #ifdef HAVE_STDINT_H
| # include <stdint.h>
| #endif
| #ifdef HAVE_UNISTD_H
| # include <unistd.h>
| #endif
| int
| main ()
| {
| #ifndef __clang__
| #ifdef __cplusplus
|   (void) __clang__;
| #else
|   (void) __clang__;
| #endif
| #endif
| 
|   ;
|   return 0;
| }
configure:11618: result: no
configure:11625: checking whether __INTEL_COMPILER is declared
configure:11625: gcc -std=gnu99 -c -g -O2  conftest.c >&5
conftest.c: In function 'main':
conftest.c:63:10: error: '__INTEL_COMPILER' undeclared (first use in this function)
   (void) __INTEL_COMPILER;
          ^
conftest.c:63:10: note: each undeclared identifier is reported only once for each function it appears in
configure:11625: $? = 1
configure: failed program was:
| /* confdefs.h */
| #define PACKAGE_NAME "xf86-input-synaptics"
| #define PACKAGE_TARNAME "xf86-input-synaptics"
| #define PACKAGE_VERSION "1.7.4"
| #define PACKAGE_STRING "xf86-input-synaptics 1.7.4"
| #define PACKAGE_BUGREPORT "https://bugs.freedesktop.org/enter_bug.cgi?product=xorg"
| #define PACKAGE_URL ""
| #define PACKAGE "xf86-input-synaptics"
| #define VERSION "1.7.4"
| #define STDC_HEADERS 1
| #define HAVE_SYS_TYPES_H 1
| #define HAVE_SYS_STAT_H 1
| #define HAVE_STDLIB_H 1
| #define HAVE_STRING_H 1
| #define HAVE_MEMORY_H 1
| #define HAVE_STRINGS_H 1
| #define HAVE_INTTYPES_H 1
| #define HAVE_STDINT_H 1
| #define HAVE_UNISTD_H 1
| #define HAVE_DLFCN_H 1
| #define LT_OBJDIR ".libs/"
| /* end confdefs.h.  */
| #include <stdio.h>
| #ifdef HAVE_SYS_TYPES_H
| # include <sys/types.h>
| #endif
| #ifdef HAVE_SYS_STAT_H
| # include <sys/stat.h>
| #endif
| #ifdef STDC_HEADERS
| # include <stdlib.h>
| # include <stddef.h>
| #else
| # ifdef HAVE_STDLIB_H
| #  include <stdlib.h>
| # endif
| #endif
| #ifdef HAVE_STRING_H
| # if !defined STDC_HEADERS && defined HAVE_MEMORY_H
| #  include <memory.h>
| # endif
| # include <string.h>
| #endif
| #ifdef HAVE_STRINGS_H
| # include <strings.h>
| #endif
| #ifdef HAVE_INTTYPES_H
| # include <inttypes.h>
| #endif
| #ifdef HAVE_STDINT_H
| # include <stdint.h>
| #endif
| #ifdef HAVE_UNISTD_H
| # include <unistd.h>
| #endif
| int
| main ()
| {
| #ifndef __INTEL_COMPILER
| #ifdef __cplusplus
|   (void) __INTEL_COMPILER;
| #else
|   (void) __INTEL_COMPILER;
| #endif
| #endif
| 
|   ;
|   return 0;
| }
configure:11625: result: no
configure:11632: checking whether __SUNPRO_C is declared
configure:11632: gcc -std=gnu99 -c -g -O2  conftest.c >&5
conftest.c: In function 'main':
conftest.c:63:10: error: '__SUNPRO_C' undeclared (first use in this function)
   (void) __SUNPRO_C;
          ^
conftest.c:63:10: note: each undeclared identifier is reported only once for each function it appears in
configure:11632: $? = 1
configure: failed program was:
| /* confdefs.h */
| #define PACKAGE_NAME "xf86-input-synaptics"
| #define PACKAGE_TARNAME "xf86-input-synaptics"
| #define PACKAGE_VERSION "1.7.4"
| #define PACKAGE_STRING "xf86-input-synaptics 1.7.4"
| #define PACKAGE_BUGREPORT "https://bugs.freedesktop.org/enter_bug.cgi?product=xorg"
| #define PACKAGE_URL ""
| #define PACKAGE "xf86-input-synaptics"
| #define VERSION "1.7.4"
| #define STDC_HEADERS 1
| #define HAVE_SYS_TYPES_H 1
| #define HAVE_SYS_STAT_H 1
| #define HAVE_STDLIB_H 1
| #define HAVE_STRING_H 1
| #define HAVE_MEMORY_H 1
| #define HAVE_STRINGS_H 1
| #define HAVE_INTTYPES_H 1
| #define HAVE_STDINT_H 1
| #define HAVE_UNISTD_H 1
| #define HAVE_DLFCN_H 1
| #define LT_OBJDIR ".libs/"
| /* end confdefs.h.  */
| #include <stdio.h>
| #ifdef HAVE_SYS_TYPES_H
| # include <sys/types.h>
| #endif
| #ifdef HAVE_SYS_STAT_H
| # include <sys/stat.h>
| #endif
| #ifdef STDC_HEADERS
| # include <stdlib.h>
| # include <stddef.h>
| #else
| # ifdef HAVE_STDLIB_H
| #  include <stdlib.h>
| # endif
| #endif
| #ifdef HAVE_STRING_H
| # if !defined STDC_HEADERS && defined HAVE_MEMORY_H
| #  include <memory.h>
| # endif
| # include <string.h>
| #endif
| #ifdef HAVE_STRINGS_H
| # include <strings.h>
| #endif
| #ifdef HAVE_INTTYPES_H
| # include <inttypes.h>
| #endif
| #ifdef HAVE_STDINT_H
| # include <stdint.h>
| #endif
| #ifdef HAVE_UNISTD_H
| # include <unistd.h>
| #endif
| int
| main ()
| {
| #ifndef __SUNPRO_C
| #ifdef __cplusplus
|   (void) __SUNPRO_C;
| #else
|   (void) __SUNPRO_C;
| #endif
| #endif
| 
|   ;
|   return 0;
| }
configure:11632: result: no
configure:11693: checking for pkg-config
configure:11711: found /usr/bin/pkg-config
configure:11723: result: /usr/bin/pkg-config
configure:11748: checking pkg-config is at least version 0.9.0
configure:11751: result: yes
configure:11800: checking if gcc -std=gnu99 supports -Werror=unknown-warning-option
configure:11809: gcc -std=gnu99 -c -g -O2 -Werror=unknown-warning-option  conftest.c >&5
cc1: error: -Werror=unknown-warning-option: no option -Wunknown-warning-option
configure:11809: $? = 1
configure: failed program was:
| /* confdefs.h */
| #define PACKAGE_NAME "xf86-input-synaptics"
| #define PACKAGE_TARNAME "xf86-input-synaptics"
| #define PACKAGE_VERSION "1.7.4"
| #define PACKAGE_STRING "xf86-input-synaptics 1.7.4"
| #define PACKAGE_BUGREPORT "https://bugs.freedesktop.org/enter_bug.cgi?product=xorg"
| #define PACKAGE_URL ""
| #define PACKAGE "xf86-input-synaptics"
| #define VERSION "1.7.4"
| #define STDC_HEADERS 1
| #define HAVE_SYS_TYPES_H 1
| #define HAVE_SYS_STAT_H 1
| #define HAVE_STDLIB_H 1
| #define HAVE_STRING_H 1
| #define HAVE_MEMORY_H 1
| #define HAVE_STRINGS_H 1
| #define HAVE_INTTYPES_H 1
| #define HAVE_STDINT_H 1
| #define HAVE_UNISTD_H 1
| #define HAVE_DLFCN_H 1
| #define LT_OBJDIR ".libs/"
| /* end confdefs.h.  */
| int i;
configure:11816: result: no
configure:11827: checking if gcc -std=gnu99 supports -Werror=unused-command-line-argument
configure:11836: gcc -std=gnu99 -c -g -O2 -Werror=unused-command-line-argument  conftest.c >&5
cc1: error: -Werror=unused-command-line-argument: no option -Wunused-command-line-argument
configure:11836: $? = 1
configure: failed program was:
| /* confdefs.h */
| #define PACKAGE_NAME "xf86-input-synaptics"
| #define PACKAGE_TARNAME "xf86-input-synaptics"
| #define PACKAGE_VERSION "1.7.4"
| #define PACKAGE_STRING "xf86-input-synaptics 1.7.4"
| #define PACKAGE_BUGREPORT "https://bugs.freedesktop.org/enter_bug.cgi?product=xorg"
| #define PACKAGE_URL ""
| #define PACKAGE "xf86-input-synaptics"
| #define VERSION "1.7.4"
| #define STDC_HEADERS 1
| #define HAVE_SYS_TYPES_H 1
| #define HAVE_SYS_STAT_H 1
| #define HAVE_STDLIB_H 1
| #define HAVE_STRING_H 1
| #define HAVE_MEMORY_H 1
| #define HAVE_STRINGS_H 1
| #define HAVE_INTTYPES_H 1
| #define HAVE_STDINT_H 1
| #define HAVE_UNISTD_H 1
| #define HAVE_DLFCN_H 1
| #define LT_OBJDIR ".libs/"
| /* end confdefs.h.  */
| int i;
configure:11843: result: no
configure:11862: checking if gcc -std=gnu99 supports -Wall
configure:11879: gcc -std=gnu99 -o conftest -g -O2 -Wall   conftest.c  >&5
configure:11879: $? = 0
configure:11892: result: yes
configure:11980: checking if gcc -std=gnu99 supports -Wpointer-arith
configure:11997: gcc -std=gnu99 -o conftest -g -O2 -Wpointer-arith   conftest.c  >&5
configure:11997: $? = 0
configure:12010: result: yes
configure:12098: checking if gcc -std=gnu99 supports -Wmissing-declarations
configure:12115: gcc -std=gnu99 -o conftest -g -O2 -Wmissing-declarations   conftest.c  >&5
configure:12115: $? = 0
configure:12128: result: yes
configure:12216: checking if gcc -std=gnu99 supports -Wformat=2
configure:12233: gcc -std=gnu99 -o conftest -g -O2 -Wformat=2   conftest.c  >&5
configure:12233: $? = 0
configure:12246: result: yes
configure:12385: checking if gcc -std=gnu99 supports -Wstrict-prototypes
configure:12402: gcc -std=gnu99 -o conftest -g -O2 -Wstrict-prototypes   conftest.c  >&5
conftest.c:25:1: warning: function declaration isn't a prototype [-Wstrict-prototypes]
 main ()
 ^
configure:12402: $? = 0
configure:12415: result: yes
configure:12503: checking if gcc -std=gnu99 supports -Wmissing-prototypes
configure:12520: gcc -std=gnu99 -o conftest -g -O2 -Wmissing-prototypes   conftest.c  >&5
configure:12520: $? = 0
configure:12533: result: yes
configure:12621: checking if gcc -std=gnu99 supports -Wnested-externs
configure:12638: gcc -std=gnu99 -o conftest -g -O2 -Wnested-externs   conftest.c  >&5
configure:12638: $? = 0
configure:12651: result: yes
configure:12739: checking if gcc -std=gnu99 supports -Wbad-function-cast
configure:12756: gcc -std=gnu99 -o conftest -g -O2 -Wbad-function-cast   conftest.c  >&5
configure:12756: $? = 0
configure:12769: result: yes
configure:12857: checking if gcc -std=gnu99 supports -Wold-style-definition
configure:12874: gcc -std=gnu99 -o conftest -g -O2 -Wold-style-definition   conftest.c  >&5
conftest.c: In function 'main':
conftest.c:25:1: warning: old-style function definition [-Wold-style-definition]
 main ()
 ^
configure:12874: $? = 0
configure:12887: result: yes
configure:13024: checking if gcc -std=gnu99 supports -Wdeclaration-after-statement
configure:13041: gcc -std=gnu99 -o conftest -g -O2 -Wdeclaration-after-statement   conftest.c  >&5
configure:13041: $? = 0
configure:13054: result: yes
configure:13146: checking if gcc -std=gnu99 supports -Wunused
configure:13163: gcc -std=gnu99 -o conftest -g -O2 -Wunused   conftest.c  >&5
configure:13163: $? = 0
configure:13176: result: yes
configure:13264: checking if gcc -std=gnu99 supports -Wuninitialized
configure:13281: gcc -std=gnu99 -o conftest -g -O2 -Wuninitialized   conftest.c  >&5
configure:13281: $? = 0
configure:13294: result: yes
configure:13382: checking if gcc -std=gnu99 supports -Wshadow
configure:13399: gcc -std=gnu99 -o conftest -g -O2 -Wshadow   conftest.c  >&5
configure:13399: $? = 0
configure:13412: result: yes
configure:13500: checking if gcc -std=gnu99 supports -Wmissing-noreturn
configure:13517: gcc -std=gnu99 -o conftest -g -O2 -Wmissing-noreturn   conftest.c  >&5
configure:13517: $? = 0
configure:13530: result: yes
configure:13618: checking if gcc -std=gnu99 supports -Wmissing-format-attribute
configure:13635: gcc -std=gnu99 -o conftest -g -O2 -Wmissing-format-attribute   conftest.c  >&5
configure:13635: $? = 0
configure:13648: result: yes
configure:13736: checking if gcc -std=gnu99 supports -Wredundant-decls
configure:13753: gcc -std=gnu99 -o conftest -g -O2 -Wredundant-decls   conftest.c  >&5
configure:13753: $? = 0
configure:13766: result: yes
configure:13854: checking if gcc -std=gnu99 supports -Wlogical-op
configure:13871: gcc -std=gnu99 -o conftest -g -O2 -Wlogical-op   conftest.c  >&5
configure:13871: $? = 0
configure:13884: result: yes
configure:13984: checking if gcc -std=gnu99 supports -Werror=implicit
configure:14001: gcc -std=gnu99 -o conftest -g -O2 -Werror=implicit   conftest.c  >&5
configure:14001: $? = 0
configure:14014: result: yes
configure:14151: checking if gcc -std=gnu99 supports -Werror=nonnull
configure:14168: gcc -std=gnu99 -o conftest -g -O2 -Werror=nonnull   conftest.c  >&5
configure:14168: $? = 0
configure:14181: result: yes
configure:14269: checking if gcc -std=gnu99 supports -Werror=init-self
configure:14286: gcc -std=gnu99 -o conftest -g -O2 -Werror=init-self   conftest.c  >&5
configure:14286: $? = 0
configure:14299: result: yes
configure:14387: checking if gcc -std=gnu99 supports -Werror=main
configure:14404: gcc -std=gnu99 -o conftest -g -O2 -Werror=main   conftest.c  >&5
configure:14404: $? = 0
configure:14417: result: yes
configure:14505: checking if gcc -std=gnu99 supports -Werror=missing-braces
configure:14522: gcc -std=gnu99 -o conftest -g -O2 -Werror=missing-braces   conftest.c  >&5
configure:14522: $? = 0
configure:14535: result: yes
configure:14623: checking if gcc -std=gnu99 supports -Werror=sequence-point
configure:14640: gcc -std=gnu99 -o conftest -g -O2 -Werror=sequence-point   conftest.c  >&5
configure:14640: $? = 0
configure:14653: result: yes
configure:14741: checking if gcc -std=gnu99 supports -Werror=return-type
configure:14758: gcc -std=gnu99 -o conftest -g -O2 -Werror=return-type   conftest.c  >&5
configure:14758: $? = 0
configure:14771: result: yes
configure:14908: checking if gcc -std=gnu99 supports -Werror=trigraphs
configure:14925: gcc -std=gnu99 -o conftest -g -O2 -Werror=trigraphs   conftest.c  >&5
configure:14925: $? = 0
configure:14938: result: yes
configure:15026: checking if gcc -std=gnu99 supports -Werror=array-bounds
configure:15043: gcc -std=gnu99 -o conftest -g -O2 -Werror=array-bounds   conftest.c  >&5
configure:15043: $? = 0
configure:15056: result: yes
configure:15144: checking if gcc -std=gnu99 supports -Werror=write-strings
configure:15161: gcc -std=gnu99 -o conftest -g -O2 -Werror=write-strings   conftest.c  >&5
configure:15161: $? = 0
configure:15174: result: yes
configure:15262: checking if gcc -std=gnu99 supports -Werror=address
configure:15279: gcc -std=gnu99 -o conftest -g -O2 -Werror=address   conftest.c  >&5
configure:15279: $? = 0
configure:15292: result: yes
configure:15380: checking if gcc -std=gnu99 supports -Werror=int-to-pointer-cast
configure:15397: gcc -std=gnu99 -o conftest -g -O2 -Werror=int-to-pointer-cast   conftest.c  >&5
configure:15397: $? = 0
configure:15410: result: yes
configure:15547: checking if gcc -std=gnu99 supports -Werror=pointer-to-int-cast
configure:15564: gcc -std=gnu99 -o conftest -g -O2 -Werror=pointer-to-int-cast   conftest.c  >&5
configure:15564: $? = 0
configure:15577: result: yes
configure:17235: checking if gcc -std=gnu99 supports -pedantic
configure:17252: gcc -std=gnu99 -o conftest -g -O2 -pedantic   conftest.c  >&5
configure:17252: $? = 0
configure:17265: result: yes
configure:17353: checking if gcc -std=gnu99 supports -Werror
configure:17370: gcc -std=gnu99 -o conftest -g -O2 -Werror   conftest.c  >&5
configure:17370: $? = 0
configure:17383: result: yes
configure:17523: checking if gcc -std=gnu99 supports -Werror=attributes
configure:17540: gcc -std=gnu99 -o conftest -g -O2 -Werror=attributes   conftest.c  >&5
configure:17540: $? = 0
configure:17553: result: yes
configure:17714: checking whether make supports nested variables
configure:17731: result: yes
configure:17833: checking whether to build unit test cases
configure:17835: result: auto
configure:17840: checking for rint in -lm
configure:17865: gcc -std=gnu99 -o conftest -g -O2   conftest.c -lm   >&5
conftest.c:33:6: warning: conflicting types for built-in function 'rint' [enabled by default]
 char rint ();
      ^
configure:17865: $? = 0
configure:17874: result: yes
configure:17908: gcc -std=gnu99 -c -g -O2 -I/usr/include/xorg  conftest.c >&5
configure:17908: $? = 0
configure:17915: checking if RANDR is defined
configure:17917: result: yes
configure:17927: checking for XORG
configure:17934: $PKG_CONFIG --exists --print-errors "inputproto >= 2.1.99.3 xorg-server >= 1.12 xproto inputproto $REQUIRED_MODULES"
configure:17937: $? = 0
configure:17950: $PKG_CONFIG --exists --print-errors "inputproto >= 2.1.99.3 xorg-server >= 1.12 xproto inputproto $REQUIRED_MODULES"
configure:17953: $? = 0
configure:18012: result: yes
configure:18082: checking which optional backends will be build
configure:18086: result: ps2comm alpscomm eventcomm
configure:18114: checking for MTDEV
configure:18121: $PKG_CONFIG --exists --print-errors "mtdev"
configure:18124: $? = 0
configure:18137: $PKG_CONFIG --exists --print-errors "mtdev"
configure:18140: $? = 0
configure:18199: result: yes
configure:18245: checking for XI
configure:18252: $PKG_CONFIG --exists --print-errors "x11 inputproto xi >= 1.2"
configure:18255: $? = 0
configure:18268: $PKG_CONFIG --exists --print-errors "x11 inputproto xi >= 1.2"
configure:18271: $? = 0
configure:18330: result: yes
configure:18340: checking for XTST
configure:18347: $PKG_CONFIG --exists --print-errors "xtst recordproto"
configure:18350: $? = 0
configure:18363: $PKG_CONFIG --exists --print-errors "xtst recordproto"
configure:18366: $? = 0
configure:18403: result: yes
configure:18413: checking for X11/extensions/record.h
configure:18413: gcc -std=gnu99 -c -g -O2    conftest.c >&5
configure:18413: $? = 0
configure:18413: result: yes
configure:18548: checking that generated files are newer than configure
configure:18554: result: done
configure:18605: creating ./config.status

## ---------------------- ##
## Running config.status. ##
## ---------------------- ##

This file was extended by xf86-input-synaptics config.status 1.7.4, which was
generated by GNU Autoconf 2.69.  Invocation command line was

  CONFIG_FILES    = 
  CONFIG_HEADERS  = 
  CONFIG_LINKS    = 
  CONFIG_COMMANDS = 
  $ ./config.status 

on nitroglycerine-XPS-M1330

config.status:1156: creating Makefile
config.status:1156: creating src/Makefile
config.status:1156: creating man/Makefile
config.status:1156: creating tools/Makefile
config.status:1156: creating conf/Makefile
config.status:1156: creating include/Makefile
config.status:1156: creating test/Makefile
config.status:1156: creating xorg-synaptics.pc
config.status:1156: creating config.h
config.status:1385: executing depfiles commands
config.status:1385: executing libtool commands

## ---------------- ##
## Cache variables. ##
## ---------------- ##

ac_cv_build=x86_64-unknown-linux-gnu
ac_cv_c_compiler_gnu=yes
ac_cv_env_CC_set=
ac_cv_env_CC_value=
ac_cv_env_CFLAGS_set=
ac_cv_env_CFLAGS_value=
ac_cv_env_CPPFLAGS_set=
ac_cv_env_CPPFLAGS_value=
ac_cv_env_CPP_set=
ac_cv_env_CPP_value=
ac_cv_env_LDFLAGS_set=
ac_cv_env_LDFLAGS_value=
ac_cv_env_LIBS_set=
ac_cv_env_LIBS_value=
ac_cv_env_MTDEV_CFLAGS_set=
ac_cv_env_MTDEV_CFLAGS_value=
ac_cv_env_MTDEV_LIBS_set=
ac_cv_env_MTDEV_LIBS_value=
ac_cv_env_PKG_CONFIG_LIBDIR_set=
ac_cv_env_PKG_CONFIG_LIBDIR_value=
ac_cv_env_PKG_CONFIG_PATH_set=
ac_cv_env_PKG_CONFIG_PATH_value=
ac_cv_env_PKG_CONFIG_set=
ac_cv_env_PKG_CONFIG_value=
ac_cv_env_XI_CFLAGS_set=
ac_cv_env_XI_CFLAGS_value=
ac_cv_env_XI_LIBS_set=
ac_cv_env_XI_LIBS_value=
ac_cv_env_XORG_CFLAGS_set=
ac_cv_env_XORG_CFLAGS_value=
ac_cv_env_XORG_LIBS_set=
ac_cv_env_XORG_LIBS_value=
ac_cv_env_XORG_MALLOC_DEBUG_ENV_set=
ac_cv_env_XORG_MALLOC_DEBUG_ENV_value=
ac_cv_env_XTST_CFLAGS_set=
ac_cv_env_XTST_CFLAGS_value=
ac_cv_env_XTST_LIBS_set=
ac_cv_env_XTST_LIBS_value=
ac_cv_env_build_alias_set=
ac_cv_env_build_alias_value=
ac_cv_env_host_alias_set=
ac_cv_env_host_alias_value=
ac_cv_env_target_alias_set=
ac_cv_env_target_alias_value=
ac_cv_have_decl___INTEL_COMPILER=no
ac_cv_have_decl___SUNPRO_C=no
ac_cv_have_decl___clang__=no
ac_cv_header_X11_extensions_record_h=yes
ac_cv_header_dlfcn_h=yes
ac_cv_header_inttypes_h=yes
ac_cv_header_memory_h=yes
ac_cv_header_stdc=yes
ac_cv_header_stdint_h=yes
ac_cv_header_stdlib_h=yes
ac_cv_header_string_h=yes
ac_cv_header_strings_h=yes
ac_cv_header_sys_stat_h=yes
ac_cv_header_sys_types_h=yes
ac_cv_header_unistd_h=yes
ac_cv_host=x86_64-unknown-linux-gnu
ac_cv_lib_m_rint=yes
ac_cv_objext=o
ac_cv_path_EGREP='/bin/grep -E'
ac_cv_path_FGREP='/bin/grep -F'
ac_cv_path_GREP=/bin/grep
ac_cv_path_SED=/bin/sed
ac_cv_path_ac_pt_PKG_CONFIG=/usr/bin/pkg-config
ac_cv_path_install='/usr/bin/install -c'
ac_cv_path_mkdir=/bin/mkdir
ac_cv_prog_AWK=gawk
ac_cv_prog_CPP='gcc -E'
ac_cv_prog_ac_ct_AR=ar
ac_cv_prog_ac_ct_CC=gcc
ac_cv_prog_ac_ct_MANIFEST_TOOL=mt
ac_cv_prog_ac_ct_OBJDUMP=objdump
ac_cv_prog_ac_ct_RANLIB=ranlib
ac_cv_prog_ac_ct_STRIP=strip
ac_cv_prog_cc_c89=
ac_cv_prog_cc_c99=-std=gnu99
ac_cv_prog_cc_g=yes
ac_cv_prog_make_make_set=yes
am_cv_CC_dependencies_compiler_type=gcc3
am_cv_make_support_nested_variables=yes
lt_cv_ar_at_file=@
lt_cv_archive_cmds_need_lc=no
lt_cv_deplibs_check_method=pass_all
lt_cv_file_magic_cmd='$MAGIC_CMD'
lt_cv_file_magic_test_file=
lt_cv_ld_reload_flag=-r
lt_cv_nm_interface='BSD nm'
lt_cv_objdir=.libs
lt_cv_path_LD=/usr/bin/ld
lt_cv_path_NM='/usr/bin/nm -B'
lt_cv_path_mainfest_tool=no
lt_cv_prog_compiler_c_o=yes
lt_cv_prog_compiler_pic='-fPIC -DPIC'
lt_cv_prog_compiler_pic_works=yes
lt_cv_prog_compiler_rtti_exceptions=no
lt_cv_prog_compiler_static_works=yes
lt_cv_prog_gnu_ld=yes
lt_cv_sharedlib_from_linklib_cmd='printf %s\n'
lt_cv_shlibpath_overrides_runpath=no
lt_cv_sys_global_symbol_pipe='sed -n -e '\''s/^.*[	 ]\([ABCDGIRSTW][ABCDGIRSTW]*\)[	 ][	 ]*\([_A-Za-z][_A-Za-z0-9]*\)$/\1 \2 \2/p'\'' | sed '\''/ __gnu_lto/d'\'''
lt_cv_sys_global_symbol_to_c_name_address='sed -n -e '\''s/^: \([^ ]*\)[ ]*$/  {\"\1\", (void *) 0},/p'\'' -e '\''s/^[ABCDGIRSTW]* \([^ ]*\) \([^ ]*\)$/  {"\2", (void *) \&\2},/p'\'''
lt_cv_sys_global_symbol_to_c_name_address_lib_prefix='sed -n -e '\''s/^: \([^ ]*\)[ ]*$/  {\"\1\", (void *) 0},/p'\'' -e '\''s/^[ABCDGIRSTW]* \([^ ]*\) \(lib[^ ]*\)$/  {"\2", (void *) \&\2},/p'\'' -e '\''s/^[ABCDGIRSTW]* \([^ ]*\) \([^ ]*\)$/  {"lib\2", (void *) \&\2},/p'\'''
lt_cv_sys_global_symbol_to_cdecl='sed -n -e '\''s/^T .* \(.*\)$/extern int \1();/p'\'' -e '\''s/^[ABCDGIRSTW]* .* \(.*\)$/extern char \1;/p'\'''
lt_cv_sys_max_cmd_len=1572864
lt_cv_to_host_file_cmd=func_convert_file_noop
lt_cv_to_tool_file_cmd=func_convert_file_noop
pkg_cv_MTDEV_CFLAGS=' '
pkg_cv_MTDEV_LIBS='-lmtdev  '
pkg_cv_XI_CFLAGS=' '
pkg_cv_XI_LIBS='-lX11 -lXi  '
pkg_cv_XORG_CFLAGS='-pthread -fvisibility=hidden -I/usr/include/pixman-1 -I/usr/include/mirclient -I/usr/include/libdrm -I/usr/include/mircommon -I/usr/include/xorg -I/usr/include/X11/dri  '
pkg_cv_XORG_LIBS=' '
pkg_cv_XTST_CFLAGS=' '
pkg_cv_XTST_LIBS='-lXtst  '
xorg_cv_cc_flag__Wall=yes
xorg_cv_cc_flag__Wbad_function_cast=yes
xorg_cv_cc_flag__Wdeclaration_after_statement=yes
xorg_cv_cc_flag__Werror=yes
xorg_cv_cc_flag__Werror_address=yes
xorg_cv_cc_flag__Werror_array_bounds=yes
xorg_cv_cc_flag__Werror_attributes=yes
xorg_cv_cc_flag__Werror_implicit=yes
xorg_cv_cc_flag__Werror_init_self=yes
xorg_cv_cc_flag__Werror_int_to_pointer_cast=yes
xorg_cv_cc_flag__Werror_main=yes
xorg_cv_cc_flag__Werror_missing_braces=yes
xorg_cv_cc_flag__Werror_nonnull=yes
xorg_cv_cc_flag__Werror_pointer_to_int_cast=yes
xorg_cv_cc_flag__Werror_return_type=yes
xorg_cv_cc_flag__Werror_sequence_point=yes
xorg_cv_cc_flag__Werror_trigraphs=yes
xorg_cv_cc_flag__Werror_write_strings=yes
xorg_cv_cc_flag__Wformat_2=yes
xorg_cv_cc_flag__Wlogical_op=yes
xorg_cv_cc_flag__Wmissing_declarations=yes
xorg_cv_cc_flag__Wmissing_format_attribute=yes
xorg_cv_cc_flag__Wmissing_noreturn=yes
xorg_cv_cc_flag__Wmissing_prototypes=yes
xorg_cv_cc_flag__Wnested_externs=yes
xorg_cv_cc_flag__Wold_style_definition=yes
xorg_cv_cc_flag__Wpointer_arith=yes
xorg_cv_cc_flag__Wredundant_decls=yes
xorg_cv_cc_flag__Wshadow=yes
xorg_cv_cc_flag__Wstrict_prototypes=yes
xorg_cv_cc_flag__Wuninitialized=yes
xorg_cv_cc_flag__Wunused=yes
xorg_cv_cc_flag__pedantic=yes
xorg_cv_cc_flag_unknown_warning_option=no
xorg_cv_cc_flag_unused_command_line_argument=no

## ----------------- ##
## Output variables. ##
## ----------------- ##

ACLOCAL='${SHELL} /home/nitroglycerine/Downloads/xf86-input-synaptics-1.7.4/missing aclocal-1.13'
ADMIN_MAN_DIR='$(mandir)/man$(ADMIN_MAN_SUFFIX)'
ADMIN_MAN_SUFFIX='8'
AMDEPBACKSLASH='\'
AMDEP_FALSE='#'
AMDEP_TRUE=''
AMTAR='$${TAR-tar}'
AM_BACKSLASH='\'
AM_DEFAULT_V='$(AM_DEFAULT_VERBOSITY)'
AM_DEFAULT_VERBOSITY='0'
AM_V='$(V)'
APP_MAN_DIR='$(mandir)/man$(APP_MAN_SUFFIX)'
APP_MAN_SUFFIX='1'
AR='ar'
AUTOCONF='${SHELL} /home/nitroglycerine/Downloads/xf86-input-synaptics-1.7.4/missing autoconf'
AUTOHEADER='${SHELL} /home/nitroglycerine/Downloads/xf86-input-synaptics-1.7.4/missing autoheader'
AUTOMAKE='${SHELL} /home/nitroglycerine/Downloads/xf86-input-synaptics-1.7.4/missing automake-1.13'
AWK='gawk'
BASE_CFLAGS=' -Wall -Wpointer-arith -Wmissing-declarations -Wformat=2 -Wstrict-prototypes -Wmissing-prototypes -Wnested-externs -Wbad-function-cast -Wold-style-definition -Wdeclaration-after-statement -Wunused -Wuninitialized -Wshadow -Wmissing-noreturn -Wmissing-format-attribute -Wredundant-decls -Wlogical-op -Werror=implicit -Werror=nonnull -Werror=init-self -Werror=main -Werror=missing-braces -Werror=sequence-point -Werror=return-type -Werror=trigraphs -Werror=array-bounds -Werror=write-strings -Werror=address -Werror=int-to-pointer-cast -Werror=pointer-to-int-cast'
BUILD_EVENTCOMM_FALSE='#'
BUILD_EVENTCOMM_TRUE=''
BUILD_PS2COMM_FALSE='#'
BUILD_PS2COMM_TRUE=''
BUILD_PSMCOMM_FALSE=''
BUILD_PSMCOMM_TRUE='#'
CC='gcc -std=gnu99'
CCDEPMODE='depmode=gcc3'
CFLAGS='-g -O2'
CHANGELOG_CMD='(GIT_DIR=$(top_srcdir)/.git git log > $(top_srcdir)/.changelog.tmp && mv $(top_srcdir)/.changelog.tmp $(top_srcdir)/ChangeLog) || (rm -f $(top_srcdir)/.changelog.tmp; touch $(top_srcdir)/ChangeLog; echo '\''git directory not found: installing possibly empty changelog.'\'' >&2)'
CPP='gcc -E'
CPPFLAGS=''
CWARNFLAGS=' -Wall -Wpointer-arith -Wmissing-declarations -Wformat=2 -Wstrict-prototypes -Wmissing-prototypes -Wnested-externs -Wbad-function-cast -Wold-style-definition -Wdeclaration-after-statement -Wunused -Wuninitialized -Wshadow -Wmissing-noreturn -Wmissing-format-attribute -Wredundant-decls -Wlogical-op -Werror=implicit -Werror=nonnull -Werror=init-self -Werror=main -Werror=missing-braces -Werror=sequence-point -Werror=return-type -Werror=trigraphs -Werror=array-bounds -Werror=write-strings -Werror=address -Werror=int-to-pointer-cast -Werror=pointer-to-int-cast -fno-strict-aliasing'
CYGPATH_W='echo'
DEBUG_FALSE=''
DEBUG_TRUE='#'
DEFS='-DHAVE_CONFIG_H'
DEPDIR='.deps'
DLLTOOL='false'
DRIVER_MAN_DIR='$(mandir)/man$(DRIVER_MAN_SUFFIX)'
DRIVER_MAN_SUFFIX='4'
DSYMUTIL=''
DUMPBIN=''
ECHO_C=''
ECHO_N='-n'
ECHO_T=''
EGREP='/bin/grep -E'
ENABLE_UNIT_TESTS_FALSE='#'
ENABLE_UNIT_TESTS_TRUE=''
EXEEXT=''
FGREP='/bin/grep -F'
FILE_MAN_DIR='$(mandir)/man$(FILE_MAN_SUFFIX)'
FILE_MAN_SUFFIX='5'
GREP='/bin/grep'
HAS_XORG_CONF_DIR_FALSE='#'
HAS_XORG_CONF_DIR_TRUE=''
INSTALL_CMD='(cp -f /usr/share/util-macros/INSTALL $(top_srcdir)/.INSTALL.tmp && mv $(top_srcdir)/.INSTALL.tmp $(top_srcdir)/INSTALL) || (rm -f $(top_srcdir)/.INSTALL.tmp; touch $(top_srcdir)/INSTALL; echo '\''util-macros "pkgdatadir" from xorg-macros.pc not found: installing possibly empty INSTALL.'\'' >&2)'
INSTALL_DATA='${INSTALL} -m 644'
INSTALL_PROGRAM='${INSTALL}'
INSTALL_SCRIPT='${INSTALL}'
INSTALL_STRIP_PROGRAM='$(install_sh) -c -s'
LD='/usr/bin/ld -m elf_x86_64'
LDFLAGS=''
LIBOBJS=''
LIBS='-lm '
LIBTOOL='$(SHELL) $(top_builddir)/libtool'
LIB_MAN_DIR='$(mandir)/man$(LIB_MAN_SUFFIX)'
LIB_MAN_SUFFIX='3'
LIPO=''
LN_S='ln -s'
LTLIBOBJS=''
MAINT='#'
MAINTAINER_MODE_FALSE=''
MAINTAINER_MODE_TRUE='#'
MAKEINFO='${SHELL} /home/nitroglycerine/Downloads/xf86-input-synaptics-1.7.4/missing makeinfo'
MANIFEST_TOOL=':'
MAN_SUBSTS='	-e '\''s|__vendorversion__|"$(PACKAGE_STRING)" "$(XORG_MAN_PAGE)"|'\'' 	-e '\''s|__xorgversion__|"$(PACKAGE_STRING)" "$(XORG_MAN_PAGE)"|'\'' 	-e '\''s|__xservername__|Xorg|g'\'' 	-e '\''s|__xconfigfile__|xorg.conf|g'\'' 	-e '\''s|__xorgconfdir__|xorg.conf.d|g'\'' 	-e '\''s|__projectroot__|$(prefix)|g'\'' 	-e '\''s|__apploaddir__|$(appdefaultdir)|g'\'' 	-e '\''s|__appmansuffix__|$(APP_MAN_SUFFIX)|g'\'' 	-e '\''s|__drivermansuffix__|$(DRIVER_MAN_SUFFIX)|g'\'' 	-e '\''s|__adminmansuffix__|$(ADMIN_MAN_SUFFIX)|g'\'' 	-e '\''s|__libmansuffix__|$(LIB_MAN_SUFFIX)|g'\'' 	-e '\''s|__miscmansuffix__|$(MISC_MAN_SUFFIX)|g'\'' 	-e '\''s|__filemansuffix__|$(FILE_MAN_SUFFIX)|g'\'''
MISC_MAN_DIR='$(mandir)/man$(MISC_MAN_SUFFIX)'
MISC_MAN_SUFFIX='7'
MKDIR_P='/bin/mkdir -p'
MTDEV_CFLAGS=' '
MTDEV_LIBS='-lmtdev  '
NM='/usr/bin/nm -B'
NMEDIT=''
OBJDUMP='objdump'
OBJEXT='o'
OTOOL64=''
OTOOL=''
PACKAGE='xf86-input-synaptics'
PACKAGE_BUGREPORT='https://bugs.freedesktop.org/enter_bug.cgi?product=xorg'
PACKAGE_NAME='xf86-input-synaptics'
PACKAGE_STRING='xf86-input-synaptics 1.7.4'
PACKAGE_TARNAME='xf86-input-synaptics'
PACKAGE_URL=''
PACKAGE_VERSION='1.7.4'
PATH_SEPARATOR=':'
PKG_CONFIG='/usr/bin/pkg-config'
PKG_CONFIG_LIBDIR=''
PKG_CONFIG_PATH=''
RANLIB='ranlib'
SED='/bin/sed'
SET_MAKE=''
SHELL='/bin/bash'
STRICT_CFLAGS=' -pedantic -Werror -Werror=attributes'
STRIP='strip'
VERSION='1.7.4'
XI_CFLAGS=' '
XI_LIBS='-lX11 -lXi  '
XORG_CFLAGS='-pthread -fvisibility=hidden -I/usr/include/pixman-1 -I/usr/include/mirclient -I/usr/include/libdrm -I/usr/include/mircommon -I/usr/include/xorg -I/usr/include/X11/dri  '
XORG_LIBS=' '
XORG_MALLOC_DEBUG_ENV='MALLOC_PERTURB_=15'
XORG_MAN_PAGE='X Version 11'
XTST_CFLAGS=' '
XTST_LIBS='-lXtst  '
ac_ct_AR='ar'
ac_ct_CC='gcc'
ac_ct_DUMPBIN=''
am__EXEEXT_FALSE=''
am__EXEEXT_TRUE='#'
am__fastdepCC_FALSE='#'
am__fastdepCC_TRUE=''
am__include='include'
am__isrc=''
am__leading_dot='.'
am__nodep='_no'
am__quote=''
am__tar='$${TAR-tar} chof - "$$tardir"'
am__untar='$${TAR-tar} xf -'
bindir='${exec_prefix}/bin'
build='x86_64-unknown-linux-gnu'
build_alias=''
build_cpu='x86_64'
build_os='linux-gnu'
build_vendor='unknown'
configdir='/usr/share/X11/xorg.conf.d'
datadir='${datarootdir}'
datarootdir='${prefix}/share'
docdir='${datarootdir}/doc/${PACKAGE_TARNAME}'
dvidir='${docdir}'
exec_prefix='${prefix}'
host='x86_64-unknown-linux-gnu'
host_alias=''
host_cpu='x86_64'
host_os='linux-gnu'
host_vendor='unknown'
htmldir='${docdir}'
includedir='${prefix}/include'
infodir='${datarootdir}/info'
inputdir='${exec_prefix}/lib/xorg/modules/input'
install_sh='${SHELL} /home/nitroglycerine/Downloads/xf86-input-synaptics-1.7.4/install-sh'
libdir='${exec_prefix}/lib'
libexecdir='${exec_prefix}/libexec'
localedir='${datarootdir}/locale'
localstatedir='${prefix}/var'
mandir='${datarootdir}/man'
mkdir_p='$(MKDIR_P)'
oldincludedir='/usr/include'
pdfdir='${docdir}'
prefix='/usr/local'
program_transform_name='s,x,x,'
psdir='${docdir}'
sbindir='${exec_prefix}/sbin'
sdkdir='/usr/include/xorg'
sharedstatedir='${prefix}/com'
sysconfdir='${prefix}/etc'
target_alias=''

## ----------- ##
## confdefs.h. ##
## ----------- ##

/* confdefs.h */
#define PACKAGE_NAME "xf86-input-synaptics"
#define PACKAGE_TARNAME "xf86-input-synaptics"
#define PACKAGE_VERSION "1.7.4"
#define PACKAGE_STRING "xf86-input-synaptics 1.7.4"
#define PACKAGE_BUGREPORT "https://bugs.freedesktop.org/enter_bug.cgi?product=xorg"
#define PACKAGE_URL ""
#define PACKAGE "xf86-input-synaptics"
#define VERSION "1.7.4"
#define STDC_HEADERS 1
#define HAVE_SYS_TYPES_H 1
#define HAVE_SYS_STAT_H 1
#define HAVE_STDLIB_H 1
#define HAVE_STRING_H 1
#define HAVE_MEMORY_H 1
#define HAVE_STRINGS_H 1
#define HAVE_INTTYPES_H 1
#define HAVE_STDINT_H 1
#define HAVE_UNISTD_H 1
#define HAVE_DLFCN_H 1
#define LT_OBJDIR ".libs/"
#define PACKAGE_VERSION_MAJOR 1
#define PACKAGE_VERSION_MINOR 7
#define PACKAGE_VERSION_PATCHLEVEL 4
#define HAVE_LIBM 1
#define BUILD_EVENTCOMM 1
#define BUILD_PS2COMM 1
#define HAVE_X11_EXTENSIONS_RECORD_H 1

configure: exit 0
